2025-05-28 17:20:57 INFO  - Inicializando panel Categoria_Roles...
2025-05-28 17:20:57 INFO  - Panel 'Roles' cargado por defecto.
2025-05-28 17:21:13 INFO  - Botón 'Roles' presionado.
2025-05-28 17:21:19 INFO  - Botón 'Categorias de Equipos' presionado.
2025-05-28 17:21:20 INFO  - Botón 'Marcas de Equipos' presionado.
2025-05-28 17:21:22 INFO  - Botón 'Roles' presionado.
2025-05-28 17:21:22 INFO  - Botón 'Categorias de Equipos' presionado.
2025-05-28 18:30:34 INFO  - Inicializando panel Categoria_Roles...
2025-05-28 18:30:34 INFO  - Panel 'Roles' cargado por defecto.
2025-05-28 18:30:35 INFO  - Botón 'Categorias de Equipos' presionado.
2025-05-28 18:30:36 INFO  - Botón 'Marcas de Equipos' presionado.
2025-05-28 18:30:37 INFO  - Botón 'Roles' presionado.
2025-05-28 18:31:59 INFO  - Botón 'Categorias de Equipos' presionado.
2025-05-28 18:32:11 INFO  - Botón 'Categorias de Equipos' presionado.
2025-05-28 18:32:12 INFO  - Botón 'Marcas de Equipos' presionado.
2025-05-28 18:32:13 INFO  - Botón 'Roles' presionado.
2025-05-28 18:32:14 INFO  - Botón 'Categorias de Equipos' presionado.
2025-05-28 18:32:15 INFO  - Botón 'Marcas de Equipos' presionado.
2025-05-28 18:32:15 INFO  - Botón 'Roles' presionado.
2025-05-28 18:32:19 INFO  - Botón 'Marcas de Equipos' presionado.
2025-05-28 18:32:20 INFO  - Botón 'Categorias de Equipos' presionado.
2025-05-28 18:32:21 INFO  - Botón 'Roles' presionado.
may 29, 2025 1:07:27 A. M. com.mycompany.proyecto_5sem.PROYECTO_5SEM main
INFO: Inicio de la aplicación.
may 29, 2025 1:07:29 A. M. com.mycompany.proyecto_5sem.PROYECTO_5SEM main
INFO: Ventana principal mostrada correctamente.
